<?xml version="1.0" encoding="UTF-8"?>
<testng-results skipped="0" failed="0" ignored="0" total="1" passed="1">
  <reporter-output>
  </reporter-output>
  <suite name="Surefire suite" duration-ms="40" started-at="2019-03-01T09:03:35Z" finished-at="2019-03-01T09:03:35Z">
    <groups>
    </groups>
    <test name="Surefire test" duration-ms="40" started-at="2019-03-01T09:03:35Z" finished-at="2019-03-01T09:03:35Z">
      <class name="com.project1.com.testproject.Testclass1">
        <test-method status="PASS" signature="test()[pri:0, instance:com.project1.com.testproject.Testclass1@7c30a502]" name="test" duration-ms="22" started-at="2019-03-01T09:03:35Z" finished-at="2019-03-01T09:03:35Z">
          <reporter-output>
          </reporter-output>
        </test-method> <!-- test -->
      </class> <!-- com.project1.com.testproject.Testclass1 -->
    </test> <!-- Surefire test -->
  </suite> <!-- Surefire suite -->
</testng-results>
